2024-08-11 00:05:35.985 [info] Added views:workbench.panel.markers.view in workbench.panel.markers
2024-08-11 00:05:35.985 [info] Added views:workbench.panel.output in workbench.panel.output
2024-08-11 00:05:35.985 [info] Added views:terminal in terminal
2024-08-11 00:05:35.985 [info] Added views:outline in workbench.view.explorer
2024-08-11 00:05:35.985 [info] Added views:workbench.scm in workbench.view.scm
2024-08-11 00:05:35.985 [info] Added views:workbench.view.search in workbench.view.search
2024-08-11 00:05:35.986 [info] Added views:timeline in workbench.view.explorer
2024-08-11 00:05:35.986 [info] Added views:workbench.explorer.emptyView in workbench.view.explorer
2024-08-11 00:05:36.975 [info] Added views:workbench.debug.variablesView,workbench.debug.watchExpressionsView,workbench.debug.callStackView,workbench.debug.breakPointsView in workbench.view.debug
2024-08-11 00:05:37.320 [info] Added views:~remote.forwardedPorts in ~remote.forwardedPortsContainer
2024-08-11 00:05:37.562 [info] Added views:workbench.panel.repl.view in workbench.panel.repl
2024-08-11 00:05:37.564 [info] Removed views:workbench.debug.breakPointsView,workbench.debug.callStackView,workbench.debug.watchExpressionsView,workbench.debug.variablesView from workbench.view.debug
2024-08-11 00:05:37.565 [info] Added views:workbench.debug.welcome in workbench.view.debug
2024-08-11 00:05:50.621 [info] Added views:workbench.panel.markers.view in workbench.panel.markers
2024-08-11 00:05:50.621 [info] Added views:workbench.panel.output in workbench.panel.output
2024-08-11 00:05:50.621 [info] Added views:terminal in terminal
2024-08-11 00:05:50.621 [info] Added views:outline in workbench.view.explorer
2024-08-11 00:05:50.621 [info] Added views:workbench.scm in workbench.view.scm
2024-08-11 00:05:50.621 [info] Added views:workbench.view.search in workbench.view.search
2024-08-11 00:05:50.621 [info] Added views:timeline in workbench.view.explorer
2024-08-11 00:05:50.621 [info] Added views:workbench.explorer.fileView in workbench.view.explorer
2024-08-11 00:05:51.343 [info] Added views:workbench.debug.variablesView,workbench.debug.watchExpressionsView,workbench.debug.callStackView,workbench.debug.breakPointsView in workbench.view.debug
2024-08-11 00:05:51.647 [info] Added views:~remote.forwardedPorts in ~remote.forwardedPortsContainer
2024-08-11 00:05:51.938 [info] Added views:workbench.panel.repl.view in workbench.panel.repl
2024-08-11 00:05:51.941 [info] Removed views:workbench.debug.breakPointsView,workbench.debug.callStackView,workbench.debug.watchExpressionsView,workbench.debug.variablesView from workbench.view.debug
2024-08-11 00:05:51.943 [info] Added views:workbench.debug.welcome in workbench.view.debug
