2024-08-17 14:01:17.332 [info] [main] Log level: Info
2024-08-17 14:01:17.332 [info] [main] Validating found git in: "git"
2024-08-17 14:01:17.332 [info] [main] Using git "2.46.0" from "git"
2024-08-17 14:01:17.332 [info] [Model][doInitialScan] Initial repository scan started
2024-08-17 14:01:17.332 [info] > git rev-parse --show-toplevel [4ms]
2024-08-17 14:01:17.334 [info] > git rev-parse --git-dir --git-common-dir [4ms]
2024-08-17 14:01:17.358 [info] [Model][openRepository] Opened repository: /home/maya/repos/MartinLwx_dotfiles
2024-08-17 14:01:17.409 [info] > git rev-parse --show-toplevel [31ms]
2024-08-17 14:01:17.410 [info] > git config --get commit.template [36ms]
2024-08-17 14:01:17.426 [info] > git rev-parse --show-toplevel [10ms]
2024-08-17 14:01:17.434 [info] > git rev-parse --show-toplevel [4ms]
2024-08-17 14:01:17.435 [info] [Model][doInitialScan] Initial repository scan completed - repositories (1), closed repositories (0), parent repositories (0), unsafe repositories (0)
2024-08-17 14:01:17.437 [info] > git for-each-ref --format=%(refname)%00%(upstream:short)%00%(objectname)%00%(upstream:track)%00%(upstream:remotename)%00%(upstream:remoteref) refs/heads/main refs/remotes/main [15ms]
2024-08-17 14:01:17.443 [warning] [Git][revParse] Unable to read file: ENOENT: no such file or directory, open '/home/maya/repos/MartinLwx_dotfiles/.git/refs/remotes/origin/main'
2024-08-17 14:01:17.445 [info] > git rev-parse refs/remotes/origin/main [3ms]
2024-08-17 14:01:17.460 [info] > git status -z -uall [6ms]
2024-08-17 14:01:17.486 [info] > git for-each-ref --format=%(refname)%00%(upstream:short)%00%(objectname)%00%(upstream:track)%00%(upstream:remotename)%00%(upstream:remoteref) refs/heads/main refs/remotes/main [18ms]
2024-08-17 14:01:17.506 [info] > git config --local branch.main.vscode-merge-base [12ms]
2024-08-17 14:01:17.513 [info] > git config --get commit.template [28ms]
2024-08-17 14:01:17.550 [info] > git for-each-ref --format=%(refname)%00%(upstream:short)%00%(objectname)%00%(upstream:track)%00%(upstream:remotename)%00%(upstream:remoteref) refs/heads/origin/main refs/remotes/origin/main [39ms]
2024-08-17 14:01:17.568 [info] > git merge-base refs/heads/main refs/remotes/origin/main [10ms]
2024-08-17 14:01:17.579 [info] > git for-each-ref --format=%(refname)%00%(upstream:short)%00%(objectname)%00%(upstream:track)%00%(upstream:remotename)%00%(upstream:remoteref) refs/heads/main refs/remotes/main [12ms]
2024-08-17 14:01:17.588 [warning] [Git][revParse] Unable to read file: ENOENT: no such file or directory, open '/home/maya/repos/MartinLwx_dotfiles/.git/refs/remotes/origin/main'
2024-08-17 14:01:17.589 [info] > git rev-list --count --left-right refs/heads/main...refs/remotes/origin/main [12ms]
2024-08-17 14:01:17.597 [info] > git rev-parse refs/remotes/origin/main [10ms]
2024-08-17 14:01:17.604 [info] > git diff --name-status -z --diff-filter=ADMR 9fe4146519edbab367f420d2a864853c2a15f5d0...refs/remotes/origin/main [8ms]
2024-08-17 14:01:17.607 [info] > git status -z -uall [5ms]
2024-08-17 14:01:17.623 [info] > git for-each-ref --format=%(refname)%00%(upstream:short)%00%(objectname)%00%(upstream:track)%00%(upstream:remotename)%00%(upstream:remoteref) refs/heads/main refs/remotes/main [9ms]
2024-08-17 14:01:17.630 [info] > git config --local branch.main.vscode-merge-base [2ms]
2024-08-17 14:01:17.651 [info] > git for-each-ref --format=%(refname)%00%(upstream:short)%00%(objectname)%00%(upstream:track)%00%(upstream:remotename)%00%(upstream:remoteref) refs/heads/origin/main refs/remotes/origin/main [12ms]
2024-08-17 14:01:17.935 [info] > git check-ignore -v -z --stdin [3ms]
2024-08-17 14:01:46.212 [info] [main] Log level: Info
2024-08-17 14:01:46.213 [info] [main] Validating found git in: "git"
2024-08-17 14:01:46.213 [info] [main] Using git "2.46.0" from "git"
2024-08-17 14:01:46.213 [info] [Model][doInitialScan] Initial repository scan started
2024-08-17 14:01:46.213 [info] > git rev-parse --show-toplevel [11ms]
2024-08-17 14:01:46.213 [info] fatal: not a git repository (or any parent up to mount point /)
Stopping at filesystem boundary (GIT_DISCOVERY_ACROSS_FILESYSTEM not set).
2024-08-17 14:01:46.224 [info] > git rev-parse --show-toplevel [3ms]
2024-08-17 14:01:46.224 [info] fatal: not a git repository (or any parent up to mount point /)
Stopping at filesystem boundary (GIT_DISCOVERY_ACROSS_FILESYSTEM not set).
2024-08-17 14:01:46.232 [info] > git rev-parse --show-toplevel [2ms]
2024-08-17 14:01:46.232 [info] fatal: not a git repository (or any parent up to mount point /)
Stopping at filesystem boundary (GIT_DISCOVERY_ACROSS_FILESYSTEM not set).
2024-08-17 14:01:46.240 [info] > git rev-parse --show-toplevel [2ms]
2024-08-17 14:01:46.240 [info] fatal: not a git repository (or any parent up to mount point /)
Stopping at filesystem boundary (GIT_DISCOVERY_ACROSS_FILESYSTEM not set).
2024-08-17 14:01:46.245 [info] > git rev-parse --show-toplevel [1ms]
2024-08-17 14:01:46.245 [info] fatal: not a git repository (or any parent up to mount point /)
Stopping at filesystem boundary (GIT_DISCOVERY_ACROSS_FILESYSTEM not set).
2024-08-17 14:01:46.252 [info] > git rev-parse --show-toplevel [1ms]
2024-08-17 14:01:46.252 [info] fatal: not a git repository (or any parent up to mount point /)
Stopping at filesystem boundary (GIT_DISCOVERY_ACROSS_FILESYSTEM not set).
2024-08-17 14:01:46.257 [info] > git rev-parse --show-toplevel [2ms]
2024-08-17 14:01:46.257 [info] fatal: not a git repository (or any parent up to mount point /)
Stopping at filesystem boundary (GIT_DISCOVERY_ACROSS_FILESYSTEM not set).
2024-08-17 14:01:46.263 [info] > git rev-parse --show-toplevel [2ms]
2024-08-17 14:01:46.263 [info] fatal: not a git repository (or any parent up to mount point /)
Stopping at filesystem boundary (GIT_DISCOVERY_ACROSS_FILESYSTEM not set).
2024-08-17 14:01:46.270 [info] > git rev-parse --show-toplevel [1ms]
2024-08-17 14:01:46.270 [info] fatal: not a git repository (or any parent up to mount point /)
Stopping at filesystem boundary (GIT_DISCOVERY_ACROSS_FILESYSTEM not set).
2024-08-17 14:01:46.279 [info] > git rev-parse --show-toplevel [3ms]
2024-08-17 14:01:46.279 [info] fatal: not a git repository (or any parent up to mount point /)
Stopping at filesystem boundary (GIT_DISCOVERY_ACROSS_FILESYSTEM not set).
2024-08-17 14:01:46.285 [info] > git rev-parse --show-toplevel [2ms]
2024-08-17 14:01:46.285 [info] fatal: not a git repository (or any parent up to mount point /)
Stopping at filesystem boundary (GIT_DISCOVERY_ACROSS_FILESYSTEM not set).
2024-08-17 14:01:46.290 [info] > git rev-parse --show-toplevel [1ms]
2024-08-17 14:01:46.290 [info] fatal: not a git repository (or any parent up to mount point /)
Stopping at filesystem boundary (GIT_DISCOVERY_ACROSS_FILESYSTEM not set).
2024-08-17 14:01:46.296 [info] > git rev-parse --show-toplevel [1ms]
2024-08-17 14:01:46.296 [info] fatal: not a git repository (or any parent up to mount point /)
Stopping at filesystem boundary (GIT_DISCOVERY_ACROSS_FILESYSTEM not set).
2024-08-17 14:01:46.302 [info] > git rev-parse --show-toplevel [2ms]
2024-08-17 14:01:46.302 [info] fatal: not a git repository (or any parent up to mount point /)
Stopping at filesystem boundary (GIT_DISCOVERY_ACROSS_FILESYSTEM not set).
2024-08-17 14:01:46.308 [info] > git rev-parse --show-toplevel [1ms]
2024-08-17 14:01:46.308 [info] fatal: not a git repository (or any parent up to mount point /)
Stopping at filesystem boundary (GIT_DISCOVERY_ACROSS_FILESYSTEM not set).
2024-08-17 14:01:46.313 [info] > git rev-parse --show-toplevel [2ms]
2024-08-17 14:01:46.313 [info] fatal: not a git repository (or any parent up to mount point /)
Stopping at filesystem boundary (GIT_DISCOVERY_ACROSS_FILESYSTEM not set).
2024-08-17 14:01:46.322 [info] > git rev-parse --show-toplevel [5ms]
2024-08-17 14:01:46.322 [info] fatal: not a git repository (or any parent up to mount point /)
Stopping at filesystem boundary (GIT_DISCOVERY_ACROSS_FILESYSTEM not set).
2024-08-17 14:01:46.327 [info] > git rev-parse --show-toplevel [1ms]
2024-08-17 14:01:46.327 [info] fatal: not a git repository (or any parent up to mount point /)
Stopping at filesystem boundary (GIT_DISCOVERY_ACROSS_FILESYSTEM not set).
2024-08-17 14:01:46.333 [info] > git rev-parse --show-toplevel [1ms]
2024-08-17 14:01:46.333 [info] fatal: not a git repository (or any parent up to mount point /)
Stopping at filesystem boundary (GIT_DISCOVERY_ACROSS_FILESYSTEM not set).
2024-08-17 14:01:46.339 [info] > git rev-parse --show-toplevel [2ms]
2024-08-17 14:01:46.339 [info] fatal: not a git repository (or any parent up to mount point /)
Stopping at filesystem boundary (GIT_DISCOVERY_ACROSS_FILESYSTEM not set).
2024-08-17 14:01:46.345 [info] > git rev-parse --show-toplevel [2ms]
2024-08-17 14:01:46.345 [info] fatal: not a git repository (or any parent up to mount point /)
Stopping at filesystem boundary (GIT_DISCOVERY_ACROSS_FILESYSTEM not set).
2024-08-17 14:01:46.351 [info] > git rev-parse --show-toplevel [2ms]
2024-08-17 14:01:46.351 [info] fatal: not a git repository (or any parent up to mount point /)
Stopping at filesystem boundary (GIT_DISCOVERY_ACROSS_FILESYSTEM not set).
2024-08-17 14:01:46.351 [info] [Model][doInitialScan] Initial repository scan completed - repositories (0), closed repositories (0), parent repositories (0), unsafe repositories (0)
2024-08-17 14:01:50.175 [info] > git rev-parse --show-toplevel [2ms]
2024-08-17 14:01:50.175 [info] fatal: not a git repository (or any parent up to mount point /)
Stopping at filesystem boundary (GIT_DISCOVERY_ACROSS_FILESYSTEM not set).
2024-08-17 14:01:53.681 [info] > git rev-parse --show-toplevel [1ms]
2024-08-17 14:01:53.681 [info] fatal: not a git repository (or any parent up to mount point /)
Stopping at filesystem boundary (GIT_DISCOVERY_ACROSS_FILESYSTEM not set).
2024-08-17 14:02:01.654 [info] > git rev-parse --show-toplevel [3ms]
2024-08-17 14:02:01.654 [info] fatal: not a git repository (or any parent up to mount point /)
Stopping at filesystem boundary (GIT_DISCOVERY_ACROSS_FILESYSTEM not set).
2024-08-17 14:02:04.635 [info] > git rev-parse --show-toplevel [2ms]
2024-08-17 14:02:04.635 [info] fatal: not a git repository (or any parent up to mount point /)
Stopping at filesystem boundary (GIT_DISCOVERY_ACROSS_FILESYSTEM not set).
2024-08-17 14:02:04.642 [info] > git rev-parse --show-toplevel [2ms]
2024-08-17 14:02:04.642 [info] fatal: not a git repository (or any parent up to mount point /)
Stopping at filesystem boundary (GIT_DISCOVERY_ACROSS_FILESYSTEM not set).
2024-08-17 14:02:06.285 [info] > git rev-parse --show-toplevel [1ms]
2024-08-17 14:02:06.285 [info] fatal: not a git repository (or any parent up to mount point /)
Stopping at filesystem boundary (GIT_DISCOVERY_ACROSS_FILESYSTEM not set).
2024-08-17 14:02:12.663 [info] > git rev-parse --show-toplevel [3ms]
2024-08-17 14:02:12.663 [info] fatal: not a git repository (or any parent up to mount point /)
Stopping at filesystem boundary (GIT_DISCOVERY_ACROSS_FILESYSTEM not set).
2024-08-17 14:02:23.152 [info] > git rev-parse --show-toplevel [7ms]
2024-08-17 14:02:23.152 [info] fatal: not a git repository (or any parent up to mount point /)
Stopping at filesystem boundary (GIT_DISCOVERY_ACROSS_FILESYSTEM not set).
2024-08-17 14:02:41.122 [info] > git rev-parse --show-toplevel [5ms]
2024-08-17 14:02:41.122 [info] fatal: not a git repository (or any parent up to mount point /)
Stopping at filesystem boundary (GIT_DISCOVERY_ACROSS_FILESYSTEM not set).
2024-08-17 14:02:50.482 [info] > git rev-parse --show-toplevel [3ms]
2024-08-17 14:02:50.482 [info] fatal: not a git repository (or any parent up to mount point /)
Stopping at filesystem boundary (GIT_DISCOVERY_ACROSS_FILESYSTEM not set).
