2024-08-11 00:05:37.253 [info] Extension host with pid 11911 started
2024-08-11 00:05:37.567 [info] ExtensionService#_doActivateExtension vscode.git-base, startup: true, activationEvent: '*', root cause: vscode.git
2024-08-11 00:05:37.607 [info] ExtensionService#_doActivateExtension vscode.git, startup: true, activationEvent: '*'
2024-08-11 00:05:37.748 [info] ExtensionService#_doActivateExtension vscode.github, startup: true, activationEvent: '*'
2024-08-11 00:05:37.976 [info] Eager extensions activated
2024-08-11 00:05:38.002 [info] ExtensionService#_doActivateExtension vscode.debug-auto-launch, startup: false, activationEvent: 'onStartupFinished'
2024-08-11 00:05:38.008 [info] ExtensionService#_doActivateExtension vscode.merge-conflict, startup: false, activationEvent: 'onStartupFinished'
2024-08-11 00:05:40.597 [info] ExtensionService#_doActivateExtension vscode.configuration-editing, startup: false, activationEvent: 'onLanguage:jsonc'
2024-08-11 00:05:40.619 [info] ExtensionService#_doActivateExtension vscode.json-language-features, startup: false, activationEvent: 'onLanguage:jsonc'
2024-08-11 00:05:40.744 [info] ExtensionService#_doActivateExtension vscode.typescript-language-features, startup: false, activationEvent: 'onLanguage:jsonc'
2024-08-11 00:05:40.822 [info] ExtensionService#_doActivateExtension vscode.emmet, startup: false, activationEvent: 'onLanguage'
2024-08-11 00:05:49.840 [info] Extension host terminating: renderer closed the MessagePort
2024-08-11 00:05:49.856 [info] Extension host with pid 11911 exiting with code 0
2024-08-11 00:05:51.580 [info] Extension host with pid 12019 started
2024-08-11 00:05:51.580 [info] Skipping acquiring lock for /home/maya/.config/Code - OSS/User/workspaceStorage/3127bf7de2209b0e3fb04bcaac3ec49c.
2024-08-11 00:05:51.946 [info] ExtensionService#_doActivateExtension vscode.git-base, startup: true, activationEvent: '*'
2024-08-11 00:05:52.034 [info] ExtensionService#_doActivateExtension vscode.github, startup: true, activationEvent: '*'
2024-08-11 00:05:52.126 [info] Eager extensions activated
2024-08-11 00:05:52.139 [info] ExtensionService#_doActivateExtension vscode.debug-auto-launch, startup: false, activationEvent: 'onStartupFinished'
2024-08-11 00:05:52.143 [info] ExtensionService#_doActivateExtension vscode.merge-conflict, startup: false, activationEvent: 'onStartupFinished'
2024-08-11 00:05:55.183 [info] ExtensionService#_doActivateExtension vscode.git, startup: false, activationEvent: 'api', root cause: vscode.github
2024-08-11 00:05:57.485 [info] ExtensionService#_doActivateExtension vscode.emmet, startup: false, activationEvent: 'onLanguage'
