2024-08-17 14:12:05.301 [info] Added views:workbench.panel.markers.view in workbench.panel.markers
2024-08-17 14:12:05.301 [info] Added views:workbench.panel.output in workbench.panel.output
2024-08-17 14:12:05.301 [info] Added views:terminal in terminal
2024-08-17 14:12:05.301 [info] Added views:outline in workbench.view.explorer
2024-08-17 14:12:05.301 [info] Added views:workbench.scm in workbench.view.scm
2024-08-17 14:12:05.301 [info] Added views:workbench.view.search in workbench.view.search
2024-08-17 14:12:05.301 [info] Added views:timeline in workbench.view.explorer
2024-08-17 14:12:05.301 [info] Added views:workbench.explorer.fileView in workbench.view.explorer
2024-08-17 14:12:07.192 [info] Added views:workbench.debug.welcome in workbench.view.debug
2024-08-17 14:12:07.712 [info] Added views:workbench.panel.repl.view in workbench.panel.repl
2024-08-17 14:12:09.515 [info] Added views:~remote.forwardedPorts in ~remote.forwardedPortsContainer
2024-08-17 14:12:11.844 [info] Added views:workbench.panel.markers.view in workbench.panel.markers
2024-08-17 14:12:11.844 [info] Added views:workbench.panel.output in workbench.panel.output
2024-08-17 14:12:11.844 [info] Added views:terminal in terminal
2024-08-17 14:12:11.844 [info] Added views:outline in workbench.view.explorer
2024-08-17 14:12:11.844 [info] Added views:workbench.scm in workbench.view.scm
2024-08-17 14:12:11.844 [info] Added views:workbench.view.search in workbench.view.search
2024-08-17 14:12:11.844 [info] Added views:timeline in workbench.view.explorer
2024-08-17 14:12:11.844 [info] Added views:workbench.explorer.fileView in workbench.view.explorer
2024-08-17 14:12:12.186 [info] Added views:workbench.debug.welcome in workbench.view.debug
2024-08-17 14:12:13.157 [info] Added views:workbench.panel.repl.view in workbench.panel.repl
2024-08-17 14:12:13.775 [info] Added views:~remote.forwardedPorts in ~remote.forwardedPortsContainer
