2024-08-16 21:31:00.688 [info] Added views:workbench.panel.markers.view in workbench.panel.markers
2024-08-16 21:31:00.688 [info] Added views:workbench.panel.output in workbench.panel.output
2024-08-16 21:31:00.688 [info] Added views:terminal in terminal
2024-08-16 21:31:00.688 [info] Added views:outline in workbench.view.explorer
2024-08-16 21:31:00.688 [info] Added views:workbench.scm in workbench.view.scm
2024-08-16 21:31:00.688 [info] Added views:workbench.view.search in workbench.view.search
2024-08-16 21:31:00.688 [info] Added views:timeline in workbench.view.explorer
2024-08-16 21:31:00.688 [info] Added views:workbench.explorer.fileView in workbench.view.explorer
2024-08-16 21:31:01.060 [info] Added views:workbench.debug.welcome in workbench.view.debug
2024-08-16 21:31:02.093 [info] Added views:workbench.panel.repl.view in workbench.panel.repl
2024-08-16 21:31:02.416 [info] Added views:~remote.forwardedPorts in ~remote.forwardedPortsContainer
2024-08-16 21:31:19.234 [info] Added views:workbench.panel.markers.view in workbench.panel.markers
2024-08-16 21:31:19.234 [info] Added views:workbench.panel.output in workbench.panel.output
2024-08-16 21:31:19.234 [info] Added views:terminal in terminal
2024-08-16 21:31:19.234 [info] Added views:outline in workbench.view.explorer
2024-08-16 21:31:19.234 [info] Added views:workbench.scm in workbench.view.scm
2024-08-16 21:31:19.234 [info] Added views:workbench.view.search in workbench.view.search
2024-08-16 21:31:19.234 [info] Added views:timeline in workbench.view.explorer
2024-08-16 21:31:19.234 [info] Added views:workbench.explorer.fileView in workbench.view.explorer
2024-08-16 21:31:19.918 [info] Added views:workbench.debug.variablesView,workbench.debug.watchExpressionsView,workbench.debug.callStackView,workbench.debug.breakPointsView in workbench.view.debug
2024-08-16 21:31:20.204 [info] Added views:workbench.panel.repl.view in workbench.panel.repl
2024-08-16 21:31:20.205 [info] Removed views:workbench.debug.breakPointsView,workbench.debug.callStackView,workbench.debug.watchExpressionsView,workbench.debug.variablesView from workbench.view.debug
2024-08-16 21:31:20.206 [info] Added views:workbench.debug.welcome in workbench.view.debug
2024-08-16 21:31:20.398 [info] Added views:~remote.forwardedPorts in ~remote.forwardedPortsContainer
2024-08-16 21:34:56.445 [info] Added views:workbench.views.extensions.installed,workbench.views.extensions.popular,extensions.recommendedList in workbench.view.extensions
2024-08-16 21:34:56.451 [info] Removed views:workbench.views.extensions.popular from workbench.view.extensions
2024-08-16 21:34:56.887 [info] Added views:workbench.views.extensions.popular in workbench.view.extensions
