2024-08-11 00:05:37.989 [info] [main] Log level: Info
2024-08-11 00:05:37.989 [info] [main] Validating found git in: "git"
2024-08-11 00:05:37.989 [info] [main] Using git "2.46.0" from "git"
2024-08-11 00:05:37.989 [info] [Model][doInitialScan] Initial repository scan started
2024-08-11 00:05:37.990 [info] [Model][doInitialScan] Initial repository scan completed - repositories (0), closed repositories (0), parent repositories (0), unsafe repositories (0)
2024-08-11 00:05:55.421 [info] [main] Log level: Info
2024-08-11 00:05:55.421 [info] [main] Validating found git in: "git"
2024-08-11 00:05:55.421 [info] [main] Using git "2.46.0" from "git"
2024-08-11 00:05:55.421 [info] [Model][doInitialScan] Initial repository scan started
2024-08-11 00:05:55.421 [info] > git rev-parse --show-toplevel [12ms]
2024-08-11 00:05:55.421 [info] fatal: not a git repository (or any parent up to mount point /)
Stopping at filesystem boundary (GIT_DISCOVERY_ACROSS_FILESYSTEM not set).
2024-08-11 00:05:55.421 [info] [Model][doInitialScan] Initial repository scan completed - repositories (0), closed repositories (0), parent repositories (0), unsafe repositories (0)
2024-08-11 00:05:57.433 [info] > git rev-parse --show-toplevel [2ms]
2024-08-11 00:05:57.433 [info] fatal: not a git repository (or any parent up to mount point /)
Stopping at filesystem boundary (GIT_DISCOVERY_ACROSS_FILESYSTEM not set).
2024-08-11 00:05:58.677 [info] > git rev-parse --show-toplevel [3ms]
2024-08-11 00:05:58.677 [info] fatal: not a git repository (or any parent up to mount point /)
Stopping at filesystem boundary (GIT_DISCOVERY_ACROSS_FILESYSTEM not set).
2024-08-11 00:06:01.831 [info] > git rev-parse --show-toplevel [2ms]
2024-08-11 00:06:01.832 [info] fatal: not a git repository (or any parent up to mount point /)
Stopping at filesystem boundary (GIT_DISCOVERY_ACROSS_FILESYSTEM not set).
2024-08-11 00:06:03.224 [info] > git rev-parse --show-toplevel [3ms]
2024-08-11 00:06:03.224 [info] fatal: not a git repository (or any parent up to mount point /)
Stopping at filesystem boundary (GIT_DISCOVERY_ACROSS_FILESYSTEM not set).
2024-08-11 00:06:05.257 [info] > git rev-parse --show-toplevel [3ms]
2024-08-11 00:06:05.257 [info] fatal: not a git repository (or any parent up to mount point /)
Stopping at filesystem boundary (GIT_DISCOVERY_ACROSS_FILESYSTEM not set).
